#-----------------------------------------------------------
# Vivado v2024.2 (64-bit)
# SW Build 5239630 on Fri Nov 08 22:35:27 MST 2024
# IP Build 5239520 on Sun Nov 10 16:12:51 MST 2024
# SharedData Build 5239561 on Fri Nov 08 14:39:27 MST 2024
# Start of session at: Thu Apr  3 14:16:29 2025
# Process ID         : 11412
# Current directory  : C:/Users/C27Charles.Liermann/Documents/ECE281/ICE_ICE_BABY/ece281-ice5
# Command line       : vivado.exe -gui_launcher_event rodinguilauncherevent7904 C:\Users\C27Charles.Liermann\Documents\ECE281\ICE_ICE_BABY\ece281-ice5\elevatorController.xpr
# Log file           : C:/Users/C27Charles.Liermann/Documents/ECE281/ICE_ICE_BABY/ece281-ice5/vivado.log
# Journal file       : C:/Users/C27Charles.Liermann/Documents/ECE281/ICE_ICE_BABY/ece281-ice5\vivado.jou
# Running On         : C27-5CG31326RQ
# Platform           : Windows Server 2016 or Windows 10
# Operating System   : 22631
# Processor Detail   : AMD Ryzen 7 PRO 6850U with Radeon Graphics     
# CPU Frequency      : 2695 MHz
# CPU Physical cores : 8
# CPU Logical cores  : 16
# Host memory        : 16442 MB
# Swap memory        : 14495 MB
# Total Virtual      : 30938 MB
# Available Virtual  : 14395 MB
#-----------------------------------------------------------
start_gui
open_project C:/Users/C27Charles.Liermann/Documents/ECE281/ICE_ICE_BABY/ece281-ice5/elevatorController.xpr
WARNING: [filemgmt 56-3] Board Part Repository Path: Could not find the directory 'C:/Users/C27Charles.Liermann/Documents/ECE281/AppData/Roaming/Xilinx/Vivado/2024.2/xhub/board_store/xilinx_board_store'.
INFO: [filemgmt 56-3] Default IP Output Path : Could not find the directory 'C:/Users/C27Charles.Liermann/Documents/ECE281/ICE_ICE_BABY/ece281-ice5/elevatorController.gen/sources_1'.
WARNING: [filemgmt 56-3] IPUserFilesDir: Could not find the directory 'C:/Users/C27Charles.Liermann/Documents/ECE281/ICE_ICE_BABY/ece281-ice5/elevatorController.ip_user_files'.
Scanning sources...
Finished scanning sources
INFO: [IP_Flow 19-234] Refreshing IP repositories
INFO: [IP_Flow 19-1704] No user IP repositories specified
INFO: [IP_Flow 19-2313] Loaded Vivado IP repository 'C:/Xilinx/Vivado/2024.2/data/ip'.
update_compile_order -fileset sources_1
WARNING: [filemgmt 56-199] Attempt to get parsing info during refresh. "On-the-fly" syntax checking information may be incorrect. [C:\Users\C27Charles.Liermann\Documents\ECE281\ICE_ICE_BABY\ece281-ice5\src\elevator_controller_fsm_tb.vhd:]
WARNING: [filemgmt 56-199] Attempt to get parsing info during refresh. "On-the-fly" syntax checking information may be incorrect. [C:\Users\C27Charles.Liermann\Documents\ECE281\ICE_ICE_BABY\ece281-ice5\src\elevator_controller_fsm.vhd:]
WARNING: [filemgmt 56-199] Attempt to get parsing info during refresh. "On-the-fly" syntax checking information may be incorrect. [C:\Users\C27Charles.Liermann\Documents\ECE281\ICE_ICE_BABY\ece281-ice5\src\elevator_controller_fsm_tb.vhd:]
WARNING: [filemgmt 56-199] Attempt to get parsing info during refresh. "On-the-fly" syntax checking information may be incorrect. [C:\Users\C27Charles.Liermann\Documents\ECE281\ICE_ICE_BABY\ece281-ice5\src\elevator_controller_fsm_tb.vhd:]
launch_simulation
Command: launch_simulation 
INFO: [Vivado 12-12493] Simulation top is 'elevator_controller_fsm_tb'
WARNING: [Vivado 12-13340] Unable to auto find GCC executables from simulator install path! (path not set)
INFO: [Vivado 12-5682] Launching behavioral simulation in 'C:/Users/C27Charles.Liermann/Documents/ECE281/ICE_ICE_BABY/ece281-ice5/elevatorController.sim/sim_1/behav/xsim'
INFO: [SIM-utils-51] Simulation object is 'sim_1'
INFO: [SIM-utils-72] Using boost library from 'C:/Xilinx/Vivado/2024.2/tps/boost_1_72_0'
INFO: [SIM-utils-54] Inspecting design source files for 'elevator_controller_fsm_tb' in fileset 'sim_1'...
INFO: [USF-XSim-97] Finding global include files...
INFO: [USF-XSim-98] Fetching design files from 'sim_1'...
INFO: [USF-XSim-2] XSim::Compile design
INFO: [USF-XSim-61] Executing 'COMPILE and ANALYZE' step in 'C:/Users/C27Charles.Liermann/Documents/ECE281/ICE_ICE_BABY/ece281-ice5/elevatorController.sim/sim_1/behav/xsim'
"xvhdl --incr --relax -prj elevator_controller_fsm_tb_vhdl.prj"
INFO: [VRFC 10-163] Analyzing VHDL file "C:/Users/C27Charles.Liermann/Documents/ECE281/ICE_ICE_BABY/ece281-ice5/src/elevator_controller_fsm.vhd" into library xil_defaultlib
INFO: [VRFC 10-3107] analyzing entity 'elevator_controller_fsm'
INFO: [VRFC 10-163] Analyzing VHDL file "C:/Users/C27Charles.Liermann/Documents/ECE281/ICE_ICE_BABY/ece281-ice5/src/elevator_controller_fsm_tb.vhd" into library xil_defaultlib
INFO: [VRFC 10-3107] analyzing entity 'elevator_controller_fsm_tb'
INFO: [USF-XSim-69] 'compile' step finished in '3' seconds
INFO: [USF-XSim-3] XSim::Elaborate design
INFO: [USF-XSim-61] Executing 'ELABORATE' step in 'C:/Users/C27Charles.Liermann/Documents/ECE281/ICE_ICE_BABY/ece281-ice5/elevatorController.sim/sim_1/behav/xsim'
"xelab --incr --debug typical --relax --mt 2 -L xil_defaultlib -L secureip --snapshot elevator_controller_fsm_tb_behav xil_defaultlib.elevator_controller_fsm_tb -log elaborate.log"
Vivado Simulator v2024.2.0
Copyright 1986-2022 Xilinx, Inc. All Rights Reserved.
Copyright 2022-2024 Advanced Micro Devices, Inc. All Rights Reserved.
Running: C:/Xilinx/Vivado/2024.2/bin/unwrapped/win64.o/xelab.exe --incr --debug typical --relax --mt 2 -L xil_defaultlib -L secureip --snapshot elevator_controller_fsm_tb_behav xil_defaultlib.elevator_controller_fsm_tb -log elaborate.log 
Using 2 slave threads.
Starting static elaboration
Completed static elaboration
Starting simulation data flow analysis
Completed simulation data flow analysis
Time Resolution for simulation is 1ps
Compiling package std.standard
Compiling package std.textio
Compiling package ieee.std_logic_1164
Compiling package ieee.numeric_std
Compiling architecture behavioral of entity xil_defaultlib.elevator_controller_fsm [elevator_controller_fsm_default]
Compiling architecture test_bench of entity xil_defaultlib.elevator_controller_fsm_tb
Built simulation snapshot elevator_controller_fsm_tb_behav
run_program: Time (s): cpu = 00:00:00 ; elapsed = 00:00:06 . Memory (MB): peak = 1118.086 ; gain = 0.000
INFO: [USF-XSim-69] 'elaborate' step finished in '5' seconds
INFO: [USF-XSim-4] XSim::Simulate design
INFO: [USF-XSim-61] Executing 'SIMULATE' step in 'C:/Users/C27Charles.Liermann/Documents/ECE281/ICE_ICE_BABY/ece281-ice5/elevatorController.sim/sim_1/behav/xsim'
INFO: [USF-XSim-98] *** Running xsim
   with args "elevator_controller_fsm_tb_behav -key {Behavioral:sim_1:Functional:elevator_controller_fsm_tb} -tclbatch {elevator_controller_fsm_tb.tcl} -log {simulate.log}"
INFO: [USF-XSim-8] Loading simulator feature
Time resolution is 1 ps
source elevator_controller_fsm_tb.tcl
# set curr_wave [current_wave_config]
# if { [string length $curr_wave] == 0 } {
#   if { [llength [get_objects]] > 0} {
#     add_wave /
#     set_property needs_save false [current_wave_config]
#   } else {
#      send_msg_id Add_Wave-1 WARNING "No top level signals found. Simulator will start without a wave window. If you want to open a wave window go to 'File->New Waveform Configuration' or type 'create_wave_config' in the TCL console."
#   }
# }
# run 1000ns
Failure: bad downtity to floor 4-1
Time: 320 ns  Iteration: 0  Process: /elevator_controller_fsm_tb/test_process  File: C:/Users/C27Charles.Liermann/Documents/ECE281/ICE_ICE_BABY/ece281-ice5/src/elevator_controller_fsm_tb.vhd
$finish called at time : 320 ns : File "C:/Users/C27Charles.Liermann/Documents/ECE281/ICE_ICE_BABY/ece281-ice5/src/elevator_controller_fsm_tb.vhd" Line 130
INFO: [USF-XSim-96] XSim completed. Design snapshot 'elevator_controller_fsm_tb_behav' loaded.
INFO: [USF-XSim-97] XSim simulation ran for 1000ns
launch_simulation: Time (s): cpu = 00:00:02 ; elapsed = 00:00:16 . Memory (MB): peak = 1145.234 ; gain = 27.148
close_sim
WARNING: [filemgmt 56-199] Attempt to get parsing info during refresh. "On-the-fly" syntax checking information may be incorrect. [C:\Users\C27Charles.Liermann\Documents\ECE281\ICE_ICE_BABY\ece281-ice5\src\elevator_controller_fsm_tb.vhd:]
WARNING: [filemgmt 56-199] Attempt to get parsing info during refresh. "On-the-fly" syntax checking information may be incorrect. [C:\Users\C27Charles.Liermann\Documents\ECE281\ICE_ICE_BABY\ece281-ice5\src\elevator_controller_fsm.vhd:]
WARNING: [filemgmt 56-199] Attempt to get parsing info during refresh. "On-the-fly" syntax checking information may be incorrect. [C:\Users\C27Charles.Liermann\Documents\ECE281\ICE_ICE_BABY\ece281-ice5\src\elevator_controller_fsm_tb.vhd:]
WARNING: [filemgmt 56-199] Attempt to get parsing info during refresh. "On-the-fly" syntax checking information may be incorrect. [C:\Users\C27Charles.Liermann\Documents\ECE281\ICE_ICE_BABY\ece281-ice5\src\elevator_controller_fsm_tb.vhd:]
INFO: [Simtcl 6-16] Simulation closed
ERROR: [Common 17-180] Spawn failed: No error
launch_simulation
Command: launch_simulation 
INFO: [Vivado 12-12493] Simulation top is 'elevator_controller_fsm_tb'
WARNING: [Vivado 12-13340] Unable to auto find GCC executables from simulator install path! (path not set)
INFO: [Vivado 12-5682] Launching behavioral simulation in 'C:/Users/C27Charles.Liermann/Documents/ECE281/ICE_ICE_BABY/ece281-ice5/elevatorController.sim/sim_1/behav/xsim'
INFO: [SIM-utils-51] Simulation object is 'sim_1'
INFO: [SIM-utils-72] Using boost library from 'C:/Xilinx/Vivado/2024.2/tps/boost_1_72_0'
INFO: [SIM-utils-54] Inspecting design source files for 'elevator_controller_fsm_tb' in fileset 'sim_1'...
INFO: [USF-XSim-97] Finding global include files...
INFO: [USF-XSim-98] Fetching design files from 'sim_1'...
INFO: [USF-XSim-2] XSim::Compile design
INFO: [USF-XSim-61] Executing 'COMPILE and ANALYZE' step in 'C:/Users/C27Charles.Liermann/Documents/ECE281/ICE_ICE_BABY/ece281-ice5/elevatorController.sim/sim_1/behav/xsim'
"xvhdl --incr --relax -prj elevator_controller_fsm_tb_vhdl.prj"
INFO: [VRFC 10-163] Analyzing VHDL file "C:/Users/C27Charles.Liermann/Documents/ECE281/ICE_ICE_BABY/ece281-ice5/src/elevator_controller_fsm_tb.vhd" into library xil_defaultlib
INFO: [VRFC 10-3107] analyzing entity 'elevator_controller_fsm_tb'
INFO: [USF-XSim-69] 'compile' step finished in '2' seconds
INFO: [USF-XSim-3] XSim::Elaborate design
INFO: [USF-XSim-61] Executing 'ELABORATE' step in 'C:/Users/C27Charles.Liermann/Documents/ECE281/ICE_ICE_BABY/ece281-ice5/elevatorController.sim/sim_1/behav/xsim'
"xelab --incr --debug typical --relax --mt 2 -L xil_defaultlib -L secureip --snapshot elevator_controller_fsm_tb_behav xil_defaultlib.elevator_controller_fsm_tb -log elaborate.log"
Vivado Simulator v2024.2.0
Copyright 1986-2022 Xilinx, Inc. All Rights Reserved.
Copyright 2022-2024 Advanced Micro Devices, Inc. All Rights Reserved.
Running: C:/Xilinx/Vivado/2024.2/bin/unwrapped/win64.o/xelab.exe --incr --debug typical --relax --mt 2 -L xil_defaultlib -L secureip --snapshot elevator_controller_fsm_tb_behav xil_defaultlib.elevator_controller_fsm_tb -log elaborate.log 
Using 2 slave threads.
Starting static elaboration
Completed static elaboration
Starting simulation data flow analysis
Completed simulation data flow analysis
Time Resolution for simulation is 1ps
Compiling package std.standard
Compiling package std.textio
Compiling package ieee.std_logic_1164
Compiling package ieee.numeric_std
Compiling architecture behavioral of entity xil_defaultlib.elevator_controller_fsm [elevator_controller_fsm_default]
Compiling architecture test_bench of entity xil_defaultlib.elevator_controller_fsm_tb
Built simulation snapshot elevator_controller_fsm_tb_behav
INFO: [USF-XSim-69] 'elaborate' step finished in '3' seconds
INFO: [USF-XSim-4] XSim::Simulate design
INFO: [USF-XSim-61] Executing 'SIMULATE' step in 'C:/Users/C27Charles.Liermann/Documents/ECE281/ICE_ICE_BABY/ece281-ice5/elevatorController.sim/sim_1/behav/xsim'
INFO: [USF-XSim-98] *** Running xsim
   with args "elevator_controller_fsm_tb_behav -key {Behavioral:sim_1:Functional:elevator_controller_fsm_tb} -tclbatch {elevator_controller_fsm_tb.tcl} -log {simulate.log}"
INFO: [USF-XSim-8] Loading simulator feature
Time resolution is 1 ps
source elevator_controller_fsm_tb.tcl
# set curr_wave [current_wave_config]
# if { [string length $curr_wave] == 0 } {
#   if { [llength [get_objects]] > 0} {
#     add_wave /
#     set_property needs_save false [current_wave_config]
#   } else {
#      send_msg_id Add_Wave-1 WARNING "No top level signals found. Simulator will start without a wave window. If you want to open a wave window go to 'File->New Waveform Configuration' or type 'create_wave_config' in the TCL console."
#   }
# }
# run 1000ns
INFO: [USF-XSim-96] XSim completed. Design snapshot 'elevator_controller_fsm_tb_behav' loaded.
INFO: [USF-XSim-97] XSim simulation ran for 1000ns
launch_simulation: Time (s): cpu = 00:00:01 ; elapsed = 00:00:08 . Memory (MB): peak = 1153.332 ; gain = 0.000
close_sim
WARNING: [filemgmt 56-199] Attempt to get parsing info during refresh. "On-the-fly" syntax checking information may be incorrect. [C:\Users\C27Charles.Liermann\Documents\ECE281\ICE_ICE_BABY\ece281-ice5\src\elevator_controller_fsm_tb.vhd:]
WARNING: [filemgmt 56-199] Attempt to get parsing info during refresh. "On-the-fly" syntax checking information may be incorrect. [C:\Users\C27Charles.Liermann\Documents\ECE281\ICE_ICE_BABY\ece281-ice5\src\elevator_controller_fsm.vhd:]
WARNING: [filemgmt 56-199] Attempt to get parsing info during refresh. "On-the-fly" syntax checking information may be incorrect. [C:\Users\C27Charles.Liermann\Documents\ECE281\ICE_ICE_BABY\ece281-ice5\src\elevator_controller_fsm_tb.vhd:]
WARNING: [filemgmt 56-199] Attempt to get parsing info during refresh. "On-the-fly" syntax checking information may be incorrect. [C:\Users\C27Charles.Liermann\Documents\ECE281\ICE_ICE_BABY\ece281-ice5\src\elevator_controller_fsm_tb.vhd:]
INFO: [Simtcl 6-16] Simulation closed
ERROR: [Common 17-180] Spawn failed: No error
launch_simulation
Command: launch_simulation 
INFO: [Vivado 12-12493] Simulation top is 'elevator_controller_fsm_tb'
WARNING: [Vivado 12-13340] Unable to auto find GCC executables from simulator install path! (path not set)
INFO: [Vivado 12-5682] Launching behavioral simulation in 'C:/Users/C27Charles.Liermann/Documents/ECE281/ICE_ICE_BABY/ece281-ice5/elevatorController.sim/sim_1/behav/xsim'
INFO: [SIM-utils-51] Simulation object is 'sim_1'
INFO: [SIM-utils-72] Using boost library from 'C:/Xilinx/Vivado/2024.2/tps/boost_1_72_0'
INFO: [SIM-utils-54] Inspecting design source files for 'elevator_controller_fsm_tb' in fileset 'sim_1'...
INFO: [USF-XSim-97] Finding global include files...
INFO: [USF-XSim-98] Fetching design files from 'sim_1'...
INFO: [USF-XSim-2] XSim::Compile design
INFO: [USF-XSim-61] Executing 'COMPILE and ANALYZE' step in 'C:/Users/C27Charles.Liermann/Documents/ECE281/ICE_ICE_BABY/ece281-ice5/elevatorController.sim/sim_1/behav/xsim'
"xvhdl --incr --relax -prj elevator_controller_fsm_tb_vhdl.prj"
INFO: [VRFC 10-163] Analyzing VHDL file "C:/Users/C27Charles.Liermann/Documents/ECE281/ICE_ICE_BABY/ece281-ice5/src/elevator_controller_fsm.vhd" into library xil_defaultlib
INFO: [VRFC 10-3107] analyzing entity 'elevator_controller_fsm'
INFO: [USF-XSim-69] 'compile' step finished in '3' seconds
INFO: [USF-XSim-3] XSim::Elaborate design
INFO: [USF-XSim-61] Executing 'ELABORATE' step in 'C:/Users/C27Charles.Liermann/Documents/ECE281/ICE_ICE_BABY/ece281-ice5/elevatorController.sim/sim_1/behav/xsim'
"xelab --incr --debug typical --relax --mt 2 -L xil_defaultlib -L secureip --snapshot elevator_controller_fsm_tb_behav xil_defaultlib.elevator_controller_fsm_tb -log elaborate.log"
Vivado Simulator v2024.2.0
Copyright 1986-2022 Xilinx, Inc. All Rights Reserved.
Copyright 2022-2024 Advanced Micro Devices, Inc. All Rights Reserved.
Running: C:/Xilinx/Vivado/2024.2/bin/unwrapped/win64.o/xelab.exe --incr --debug typical --relax --mt 2 -L xil_defaultlib -L secureip --snapshot elevator_controller_fsm_tb_behav xil_defaultlib.elevator_controller_fsm_tb -log elaborate.log 
Using 2 slave threads.
Starting static elaboration
Completed static elaboration
Starting simulation data flow analysis
Completed simulation data flow analysis
Time Resolution for simulation is 1ps
Compiling package std.standard
Compiling package std.textio
Compiling package ieee.std_logic_1164
Compiling package ieee.numeric_std
Compiling architecture behavioral of entity xil_defaultlib.elevator_controller_fsm [elevator_controller_fsm_default]
Compiling architecture test_bench of entity xil_defaultlib.elevator_controller_fsm_tb
Built simulation snapshot elevator_controller_fsm_tb_behav
INFO: [USF-XSim-69] 'elaborate' step finished in '4' seconds
INFO: [USF-XSim-4] XSim::Simulate design
INFO: [USF-XSim-61] Executing 'SIMULATE' step in 'C:/Users/C27Charles.Liermann/Documents/ECE281/ICE_ICE_BABY/ece281-ice5/elevatorController.sim/sim_1/behav/xsim'
INFO: [USF-XSim-98] *** Running xsim
   with args "elevator_controller_fsm_tb_behav -key {Behavioral:sim_1:Functional:elevator_controller_fsm_tb} -tclbatch {elevator_controller_fsm_tb.tcl} -log {simulate.log}"
INFO: [USF-XSim-8] Loading simulator feature
Time resolution is 1 ps
source elevator_controller_fsm_tb.tcl
# set curr_wave [current_wave_config]
# if { [string length $curr_wave] == 0 } {
#   if { [llength [get_objects]] > 0} {
#     add_wave /
#     set_property needs_save false [current_wave_config]
#   } else {
#      send_msg_id Add_Wave-1 WARNING "No top level signals found. Simulator will start without a wave window. If you want to open a wave window go to 'File->New Waveform Configuration' or type 'create_wave_config' in the TCL console."
#   }
# }
# run 1000ns
INFO: [USF-XSim-96] XSim completed. Design snapshot 'elevator_controller_fsm_tb_behav' loaded.
INFO: [USF-XSim-97] XSim simulation ran for 1000ns
launch_simulation: Time (s): cpu = 00:00:01 ; elapsed = 00:00:12 . Memory (MB): peak = 2191.750 ; gain = 9.055
